> Task :app:checkKotlinGradlePluginConfigurationErrors SKIPPED
> Task :app:preBuild UP-TO-DATE
> Task :app:preDebugBuild UP-TO-DATE
> Task :app:dataBindingMergeDependencyArtifactsDebug UP-TO-DATE
> Task :app:generateDebugResValues UP-TO-DATE
> Task :app:generateDebugResources UP-TO-DATE
> Task :app:mergeDebugResources UP-TO-DATE
> Task :app:packageDebugResources UP-TO-DATE
> Task :app:processDebugNavigationResources UP-TO-DATE
> Task :app:parseDebugLocalResources UP-TO-DATE
> Task :app:dataBindingGenBaseClassesDebug UP-TO-DATE
> Task :app:checkDebugAarMetadata UP-TO-DATE
> Task :app:compileDebugNavigationResources UP-TO-DATE
> Task :app:mapDebugSourceSetPaths UP-TO-DATE
> Task :app:createDebugCompatibleScreenManifests UP-TO-DATE
> Task :app:extractDeepLinksDebug UP-TO-DATE
> Task :app:processDebugMainManifest UP-TO-DATE
> Task :app:processDebugManifest UP-TO-DATE
> Task :app:processDebugManifestForPackage UP-TO-DATE
> Task :app:processDebugResources UP-TO-DATE
> Task :app:javaPreCompileDebug UP-TO-DATE
> Task :app:mergeDebugShaders UP-TO-DATE
> Task :app:compileDebugShaders NO-SOURCE
> Task :app:generateDebugAssets UP-TO-DATE
> Task :app:mergeDebugAssets UP-TO-DATE
> Task :app:compressDebugAssets UP-TO-DATE
> Task :app:desugarDebugFileDependencies UP-TO-DATE
> Task :app:checkDebugDuplicateClasses FAILED
> Task :app:mergeDebugJniLibFolders
> Task :app:compileDebugKotlin

FAILURE: Build failed with an exception.

* What went wrong:
Execution failed for task ':app:checkDebugDuplicateClasses'.
> A failure occurred while executing com.android.build.gradle.internal.tasks.CheckDuplicatesRunnable
   > Duplicate class org.tensorflow.lite.DataType found in modules litert-2.1.0.aar -> litert-2.1.0-runtime (com.google.ai.edge.litert:litert:2.1.0) and litert-api-1.4.1.aar -> litert-api-1.4.1-runtime (com.google.ai.edge.litert:litert-api:1.4.1)
     Duplicate class org.tensorflow.lite.InterpreterApi found in modules litert-2.1.0.aar -> litert-2.1.0-runtime (com.google.ai.edge.litert:litert:2.1.0) and litert-api-1.4.1.aar -> litert-api-1.4.1-runtime (com.google.ai.edge.litert:litert-api:1.4.1)
     Duplicate class org.tensorflow.lite.InterpreterApi$Options found in modules litert-2.1.0.aar -> litert-2.1.0-runtime (com.google.ai.edge.litert:litert:2.1.0) and litert-api-1.4.1.aar -> litert-api-1.4.1-runtime (com.google.ai.edge.litert:litert-api:1.4.1)
     Duplicate class org.tensorflow.lite.InterpreterApi$Options$TfLiteRuntime found in modules litert-2.1.0.aar -> litert-2.1.0-runtime (com.google.ai.edge.litert:litert:2.1.0) and litert-api-1.4.1.aar -> litert-api-1.4.1-runtime (com.google.ai.edge.litert:litert-api:1.4.1)
     Duplicate class org.tensorflow.lite.InterpreterFactory found in modules litert-2.1.0.aar -> litert-2.1.0-runtime (com.google.ai.edge.litert:litert:2.1.0) and litert-api-1.4.1.aar -> litert-api-1.4.1-runtime (com.google.ai.edge.litert:litert-api:1.4.1)
     Duplicate class org.tensorflow.lite.InterpreterFactoryApi found in modules litert-2.1.0.aar -> litert-2.1.0-runtime (com.google.ai.edge.litert:litert:2.1.0) and litert-api-1.4.1.aar -> litert-api-1.4.1-runtime (com.google.ai.edge.litert:litert-api:1.4.1)
     Duplicate class org.tensorflow.lite.RuntimeFlavor found in modules litert-2.1.0.aar -> litert-2.1.0-runtime (com.google.ai.edge.litert:litert:2.1.0) and litert-api-1.4.1.aar -> litert-api-1.4.1-runtime (com.google.ai.edge.litert:litert-api:1.4.1)
     Duplicate class org.tensorflow.lite.Tensor found in modules litert-2.1.0.aar -> litert-2.1.0-runtime (com.google.ai.edge.litert:litert:2.1.0) and litert-api-1.4.1.aar -> litert-api-1.4.1-runtime (com.google.ai.edge.litert:litert-api:1.4.1)
     Duplicate class org.tensorflow.lite.Tensor$QuantizationParams found in modules litert-2.1.0.aar -> litert-2.1.0-runtime (com.google.ai.edge.litert:litert:2.1.0) and litert-api-1.4.1.aar -> litert-api-1.4.1-runtime (com.google.ai.edge.litert:litert-api:1.4.1)
     Duplicate class org.tensorflow.lite.TensorFlowLite found in modules litert-2.1.0.aar -> litert-2.1.0-runtime (com.google.ai.edge.litert:litert:2.1.0) and litert-api-1.4.1.aar -> litert-api-1.4.1-runtime (com.google.ai.edge.litert:litert-api:1.4.1)
     Duplicate class org.tensorflow.lite.TensorFlowLite$1 found in modules litert-2.1.0.aar -> litert-2.1.0-runtime (com.google.ai.edge.litert:litert:2.1.0) and litert-api-1.4.1.aar -> litert-api-1.4.1-runtime (com.google.ai.edge.litert:litert-api:1.4.1)
     Duplicate class org.tensorflow.lite.TensorFlowLite$PossiblyAvailableRuntime found in modules litert-2.1.0.aar -> litert-2.1.0-runtime (com.google.ai.edge.litert:litert:2.1.0) and litert-api-1.4.1.aar -> litert-api-1.4.1-runtime (com.google.ai.edge.litert:litert-api:1.4.1)
     Duplicate class org.tensorflow.lite.TensorFlowLite$RuntimeFromApplication found in modules litert-2.1.0.aar -> litert-2.1.0-runtime (com.google.ai.edge.litert:litert:2.1.0) and litert-api-1.4.1.aar -> litert-api-1.4.1-runtime (com.google.ai.edge.litert:litert-api:1.4.1)
     Duplicate class org.tensorflow.lite.TensorFlowLite$RuntimeFromSystem found in modules litert-2.1.0.aar -> litert-2.1.0-runtime (com.google.ai.edge.litert:litert:2.1.0) and litert-api-1.4.1.aar -> litert-api-1.4.1-runtime (com.google.ai.edge.litert:litert-api:1.4.1)
     Duplicate class org.tensorflow.lite.annotations.UsedByReflection found in modules litert-2.1.0.aar -> litert-2.1.0-runtime (com.google.ai.edge.litert:litert:2.1.0) and litert-api-1.4.1.aar -> litert-api-1.4.1-runtime (com.google.ai.edge.litert:litert-api:1.4.1)
     
     Learn how to fix dependency resolution errors at https://d.android.com/r/tools/classpath-sync-errors

* Try:
> Run with --stacktrace option to get the stack trace.
> Run with --info or --debug option to get more log output.
> Run with --scan to get full insights.
> Get more help at https://help.gradle.org.

BUILD FAILED in 9s
25 actionable tasks: 3 executed, 22 up-to-date
